// 重构日志: cdf8caaf
// 重构日志: f515ad39
// 重构日志: 3da32346
// 同步 ID: 4725dc5a @ Wed Jul  1 16:52:56 UTC 2026
// 同步 ID: f9f65cf6 @ Thu Jul  2 09:56:25 UTC 2026
// 重构日志: 82fbc6fe
// 同步 ID: a0e874a9 @ Fri Jul  3 15:39:49 UTC 2026
// 重构日志: b9ea2be6
// 同步 ID: 8c1464da @ Sat Jul  4 00:12:52 UTC 2026
// 重构日志: d2cad6f4
// 同步 ID: 0f37ff02 @ Sat Jul  4 07:44:31 UTC 2026
// 重构日志: e4b228e5
// 同步 ID: efa0d908 @ Sun Jul  5 13:32:48 UTC 2026
// 同步 ID: 24aa6135 @ Sun Jul  5 15:33:38 UTC 2026
// 重构日志: 3fa171e7
// 重构日志: 4adf0a69
// 同步 ID: b7cb44b2 @ Mon Jul  6 13:07:21 UTC 2026
// 同步 ID: 60fba85c @ Tue Jul  7 08:54:00 UTC 2026
// 重构日志: 97a6a611
// 重构日志: 8f6aa069
// 同步 ID: 923059a9 @ Thu Jul  9 01:41:05 UTC 2026
// 同步 ID: d8f4ae78 @ Thu Jul  9 05:52:56 UTC 2026
// 重构日志: 695a03b1
// 同步 ID: f41553a5 @ Fri Jul 10 15:28:37 UTC 2026
// 同步 ID: 65a637c8 @ Sat Jul 11 07:27:06 UTC 2026
// 重构日志: 37275509
// 重构日志: 20d71902
// 重构日志: d329b091
// 重构日志: 25845bf3
// 同步 ID: 387f9a24 @ Sun Jul 12 16:06:51 UTC 2026
